Experiments/IntermonGame/android/build/outputs/logs/manifest-merger-debug-report.txt
-- Merging decision tree log ---
manifest
ADDED from IntermonGame\android\AndroidManifest.xml:2:1-26:12
INJECTED from IntermonGame\android\AndroidManifest.xml:2:1-26:12
INJECTED from IntermonGame\android\AndroidManifest.xml:2:1-26:12
INJECTED from IntermonGame\android\AndroidManifest.xml:2:1-26:12
INJECTED from IntermonGame\android\AndroidManifest.xml:2:1-26:12
INJECTED from IntermonGame\android\AndroidManifest.xml:2:1-26:12
INJECTED from IntermonGame\android\AndroidManifest.xml:2:1-26:12
	package
		ADDED from IntermonGame\android\AndroidManifest.xml:3:5-34
		INJECTED from IntermonGame\android\AndroidManifest.xml
		INJECTED from IntermonGame\android\AndroidManifest.xml
	android:versionName
		INJECTED from IntermonGame\android\AndroidManifest.xml
		ADDED from IntermonGame\android\AndroidManifest.xml:2:1-26:12
		INJECTED from IntermonGame\android\AndroidManifest.xml
	android:versionCode
		INJECTED from IntermonGame\android\AndroidManifest.xml
		ADDED from IntermonGame\android\AndroidManifest.xml:2:1-26:12
		INJECTED from IntermonGame\android\AndroidManifest.xml
	xmlns:android
		ADDED from IntermonGame\android\AndroidManifest.xml:2:11-69
uses-permission#android.permission.INTERNET
ADDED from IntermonGame\android\AndroidManifest.xml:5:5-69
	android:name
		ADDED from IntermonGame\android\AndroidManifest.xml:5:22-66
application
ADDED from IntermonGame\android\AndroidManifest.xml:7:5-24:19
	android:label
		ADDED from IntermonGame\android\AndroidManifest.xml:12:9-41
	android:appCategory
		ADDED from IntermonGame\android\AndroidManifest.xml:11:9-35
	android:icon
		ADDED from IntermonGame\android\AndroidManifest.xml:9:9-45
	android:allowBackup
		ADDED from IntermonGame\android\AndroidManifest.xml:8:9-35
	android:theme
		ADDED from IntermonGame\android\AndroidManifest.xml:13:9-40
	android:isGame
		ADDED from IntermonGame\android\AndroidManifest.xml:10:9-30
activity#com.myteam.intermon.AndroidLauncher
ADDED from IntermonGame\android\AndroidManifest.xml:14:9-23:20
	android:screenOrientation
		ADDED from IntermonGame\android\AndroidManifest.xml:17:13-50
	android:label
		ADDED from IntermonGame\android\AndroidManifest.xml:16:13-45
	android:configChanges
		ADDED from IntermonGame\android\AndroidManifest.xml:18:13-107
	android:name
		ADDED from IntermonGame\android\AndroidManifest.xml:15:13-63
intent-filter#action:name:android.intent.action.MAIN+category:name:android.intent.category.LAUNCHER
ADDED from IntermonGame\android\AndroidManifest.xml:19:13-22:29
action#android.intent.action.MAIN
ADDED from IntermonGame\android\AndroidManifest.xml:20:17-69
	android:name
		ADDED from IntermonGame\android\AndroidManifest.xml:20:25-66
category#android.intent.category.LAUNCHER
ADDED from IntermonGame\android\AndroidManifest.xml:21:17-77
	android:name
		ADDED from IntermonGame\android\AndroidManifest.xml:21:27-74
uses-sdk
INJECTED from IntermonGame\android\AndroidManifest.xml reason: use-sdk injection requested
INJECTED from IntermonGame\android\AndroidManifest.xml
INJECTED from IntermonGame\android\AndroidManifest.xml
INJECTED from IntermonGame\android\AndroidManifest.xml
INJECTED from IntermonGame\android\AndroidManifest.xml
	android:targetSdkVersion
		INJECTED from IntermonGame\android\AndroidManifest.xml
		ADDED from IntermonGame\android\AndroidManifest.xml
		INJECTED from IntermonGame\android\AndroidManifest.xml
	android:minSdkVersion
		INJECTED from IntermonGame\android\AndroidManifest.xml
		ADDED from IntermonGame\android\AndroidManifest.xml
		INJECTED from IntermonGame\android\AndroidManifest.xml